
AVRASM ver. 2.1.30  C:\Users\pc\Desktop\lcd\Debug\List\lcd.asm Tue Aug 01 21:23:52 2023

C:\Users\pc\Desktop\lcd\Debug\List\lcd.asm(1088): warning: Register r5 already defined by the .DEF directive
C:\Users\pc\Desktop\lcd\Debug\List\lcd.asm(1089): warning: Register r4 already defined by the .DEF directive
C:\Users\pc\Desktop\lcd\Debug\List\lcd.asm(1090): warning: Register r7 already defined by the .DEF directive
                 
                 
                 ;CodeVisionAVR C Compiler V3.12 Advanced
                 ;(C) Copyright 1998-2014 Pavel Haiduc, HP InfoTech s.r.l.
                 ;http://www.hpinfotech.com
                 
                 ;Build configuration    : Debug
                 ;Chip type              : ATmega16
                 ;Program type           : Application
                 ;Clock frequency        : 8.000000 MHz
                 ;Memory model           : Small
                 ;Optimize for           : Size
                 ;(s)printf features     : int, width
                 ;(s)scanf features      : int, width
                 ;External RAM size      : 0
                 ;Data Stack size        : 256 byte(s)
                 ;Heap size              : 0 byte(s)
                 ;Promote 'char' to 'int': Yes
                 ;'char' is unsigned     : Yes
                 ;8 bit enums            : Yes
                 ;Global 'const' stored in FLASH: Yes
                 ;Enhanced function parameter passing: Yes
                 ;Enhanced core instructions: On
                 ;Automatic register allocation for global variables: On
                 ;Smart register allocation: On
                 
                 	#define _MODEL_SMALL_
                 
                 	#pragma AVRPART ADMIN PART_NAME ATmega16
                 	#pragma AVRPART MEMORY PROG_FLASH 16384
                 	#pragma AVRPART MEMORY EEPROM 512
                 	#pragma AVRPART MEMORY INT_SRAM SIZE 1024
                 	#pragma AVRPART MEMORY INT_SRAM START_ADDR 0x60
                 
                 	#define CALL_SUPPORTED 1
                 
                 	.LISTMAC
                 	.EQU UDRE=0x5
                 	.EQU RXC=0x7
                 	.EQU USR=0xB
                 	.EQU UDR=0xC
                 	.EQU SPSR=0xE
                 	.EQU SPDR=0xF
                 	.EQU EERE=0x0
                 	.EQU EEWE=0x1
                 	.EQU EEMWE=0x2
                 	.EQU EECR=0x1C
                 	.EQU EEDR=0x1D
                 	.EQU EEARL=0x1E
                 	.EQU EEARH=0x1F
                 	.EQU WDTCR=0x21
                 	.EQU MCUCR=0x35
                 	.EQU GICR=0x3B
                 	.EQU SPL=0x3D
                 	.EQU SPH=0x3E
                 	.EQU SREG=0x3F
                 
                 	.DEF R0X0=R0
                 	.DEF R0X1=R1
                 	.DEF R0X2=R2
                 	.DEF R0X3=R3
                 	.DEF R0X4=R4
                 	.DEF R0X5=R5
                 	.DEF R0X6=R6
                 	.DEF R0X7=R7
                 	.DEF R0X8=R8
                 	.DEF R0X9=R9
                 	.DEF R0XA=R10
                 	.DEF R0XB=R11
                 	.DEF R0XC=R12
                 	.DEF R0XD=R13
                 	.DEF R0XE=R14
                 	.DEF R0XF=R15
                 	.DEF R0X10=R16
                 	.DEF R0X11=R17
                 	.DEF R0X12=R18
                 	.DEF R0X13=R19
                 	.DEF R0X14=R20
                 	.DEF R0X15=R21
                 	.DEF R0X16=R22
                 	.DEF R0X17=R23
                 	.DEF R0X18=R24
                 	.DEF R0X19=R25
                 	.DEF R0X1A=R26
                 	.DEF R0X1B=R27
                 	.DEF R0X1C=R28
                 	.DEF R0X1D=R29
                 	.DEF R0X1E=R30
                 	.DEF R0X1F=R31
                 
                 	.EQU __SRAM_START=0x0060
                 	.EQU __SRAM_END=0x045F
                 	.EQU __DSTACK_SIZE=0x0100
                 	.EQU __HEAP_SIZE=0x0000
                 	.EQU __CLEAR_SRAM_SIZE=__SRAM_END-__SRAM_START+1
                 
                 	.MACRO __CPD1N
                 	CPI  R30,LOW(@0)
                 	LDI  R26,HIGH(@0)
                 	CPC  R31,R26
                 	LDI  R26,BYTE3(@0)
                 	CPC  R22,R26
                 	LDI  R26,BYTE4(@0)
                 	CPC  R23,R26
                 	.ENDM
                 
                 	.MACRO __CPD2N
                 	CPI  R26,LOW(@0)
                 	LDI  R30,HIGH(@0)
                 	CPC  R27,R30
                 	LDI  R30,BYTE3(@0)
                 	CPC  R24,R30
                 	LDI  R30,BYTE4(@0)
                 	CPC  R25,R30
                 	.ENDM
                 
                 	.MACRO __CPWRR
                 	CP   R@0,R@2
                 	CPC  R@1,R@3
                 	.ENDM
                 
                 	.MACRO __CPWRN
                 	CPI  R@0,LOW(@2)
                 	LDI  R30,HIGH(@2)
                 	CPC  R@1,R30
                 	.ENDM
                 
                 	.MACRO __ADDB1MN
                 	SUBI R30,LOW(-@0-(@1))
                 	.ENDM
                 
                 	.MACRO __ADDB2MN
                 	SUBI R26,LOW(-@0-(@1))
                 	.ENDM
                 
                 	.MACRO __ADDW1MN
                 	SUBI R30,LOW(-@0-(@1))
                 	SBCI R31,HIGH(-@0-(@1))
                 	.ENDM
                 
                 	.MACRO __ADDW2MN
                 	SUBI R26,LOW(-@0-(@1))
                 	SBCI R27,HIGH(-@0-(@1))
                 	.ENDM
                 
                 	.MACRO __ADDW1FN
                 	SUBI R30,LOW(-2*@0-(@1))
                 	SBCI R31,HIGH(-2*@0-(@1))
                 	.ENDM
                 
                 	.MACRO __ADDD1FN
                 	SUBI R30,LOW(-2*@0-(@1))
                 	SBCI R31,HIGH(-2*@0-(@1))
                 	SBCI R22,BYTE3(-2*@0-(@1))
                 	.ENDM
                 
                 	.MACRO __ADDD1N
                 	SUBI R30,LOW(-@0)
                 	SBCI R31,HIGH(-@0)
                 	SBCI R22,BYTE3(-@0)
                 	SBCI R23,BYTE4(-@0)
                 	.ENDM
                 
                 	.MACRO __ADDD2N
                 	SUBI R26,LOW(-@0)
                 	SBCI R27,HIGH(-@0)
                 	SBCI R24,BYTE3(-@0)
                 	SBCI R25,BYTE4(-@0)
                 	.ENDM
                 
                 	.MACRO __SUBD1N
                 	SUBI R30,LOW(@0)
                 	SBCI R31,HIGH(@0)
                 	SBCI R22,BYTE3(@0)
                 	SBCI R23,BYTE4(@0)
                 	.ENDM
                 
                 	.MACRO __SUBD2N
                 	SUBI R26,LOW(@0)
                 	SBCI R27,HIGH(@0)
                 	SBCI R24,BYTE3(@0)
                 	SBCI R25,BYTE4(@0)
                 	.ENDM
                 
                 	.MACRO __ANDBMNN
                 	LDS  R30,@0+(@1)
                 	ANDI R30,LOW(@2)
                 	STS  @0+(@1),R30
                 	.ENDM
                 
                 	.MACRO __ANDWMNN
                 	LDS  R30,@0+(@1)
                 	ANDI R30,LOW(@2)
                 	STS  @0+(@1),R30
                 	LDS  R30,@0+(@1)+1
                 	ANDI R30,HIGH(@2)
                 	STS  @0+(@1)+1,R30
                 	.ENDM
                 
                 	.MACRO __ANDD1N
                 	ANDI R30,LOW(@0)
                 	ANDI R31,HIGH(@0)
                 	ANDI R22,BYTE3(@0)
                 	ANDI R23,BYTE4(@0)
                 	.ENDM
                 
                 	.MACRO __ANDD2N
                 	ANDI R26,LOW(@0)
                 	ANDI R27,HIGH(@0)
                 	ANDI R24,BYTE3(@0)
                 	ANDI R25,BYTE4(@0)
                 	.ENDM
                 
                 	.MACRO __ORBMNN
                 	LDS  R30,@0+(@1)
                 	ORI  R30,LOW(@2)
                 	STS  @0+(@1),R30
                 	.ENDM
                 
                 	.MACRO __ORWMNN
                 	LDS  R30,@0+(@1)
                 	ORI  R30,LOW(@2)
                 	STS  @0+(@1),R30
                 	LDS  R30,@0+(@1)+1
                 	ORI  R30,HIGH(@2)
                 	STS  @0+(@1)+1,R30
                 	.ENDM
                 
                 	.MACRO __ORD1N
                 	ORI  R30,LOW(@0)
                 	ORI  R31,HIGH(@0)
                 	ORI  R22,BYTE3(@0)
                 	ORI  R23,BYTE4(@0)
                 	.ENDM
                 
                 	.MACRO __ORD2N
                 	ORI  R26,LOW(@0)
                 	ORI  R27,HIGH(@0)
                 	ORI  R24,BYTE3(@0)
                 	ORI  R25,BYTE4(@0)
                 	.ENDM
                 
                 	.MACRO __DELAY_USB
                 	LDI  R24,LOW(@0)
                 __DELAY_USB_LOOP:
                 	DEC  R24
                 	BRNE __DELAY_USB_LOOP
                 	.ENDM
                 
                 	.MACRO __DELAY_USW
                 	LDI  R24,LOW(@0)
                 	LDI  R25,HIGH(@0)
                 __DELAY_USW_LOOP:
                 	SBIW R24,1
                 	BRNE __DELAY_USW_LOOP
                 	.ENDM
                 
                 	.MACRO __GETD1S
                 	LDD  R30,Y+@0
                 	LDD  R31,Y+@0+1
                 	LDD  R22,Y+@0+2
                 	LDD  R23,Y+@0+3
                 	.ENDM
                 
                 	.MACRO __GETD2S
                 	LDD  R26,Y+@0
                 	LDD  R27,Y+@0+1
                 	LDD  R24,Y+@0+2
                 	LDD  R25,Y+@0+3
                 	.ENDM
                 
                 	.MACRO __PUTD1S
                 	STD  Y+@0,R30
                 	STD  Y+@0+1,R31
                 	STD  Y+@0+2,R22
                 	STD  Y+@0+3,R23
                 	.ENDM
                 
                 	.MACRO __PUTD2S
                 	STD  Y+@0,R26
                 	STD  Y+@0+1,R27
                 	STD  Y+@0+2,R24
                 	STD  Y+@0+3,R25
                 	.ENDM
                 
                 	.MACRO __PUTDZ2
                 	STD  Z+@0,R26
                 	STD  Z+@0+1,R27
                 	STD  Z+@0+2,R24
                 	STD  Z+@0+3,R25
                 	.ENDM
                 
                 	.MACRO __CLRD1S
                 	STD  Y+@0,R30
                 	STD  Y+@0+1,R30
                 	STD  Y+@0+2,R30
                 	STD  Y+@0+3,R30
                 	.ENDM
                 
                 	.MACRO __POINTB1MN
                 	LDI  R30,LOW(@0+(@1))
                 	.ENDM
                 
                 	.MACRO __POINTW1MN
                 	LDI  R30,LOW(@0+(@1))
                 	LDI  R31,HIGH(@0+(@1))
                 	.ENDM
                 
                 	.MACRO __POINTD1M
                 	LDI  R30,LOW(@0)
                 	LDI  R31,HIGH(@0)
                 	LDI  R22,BYTE3(@0)
                 	LDI  R23,BYTE4(@0)
                 	.ENDM
                 
                 	.MACRO __POINTW1FN
                 	LDI  R30,LOW(2*@0+(@1))
                 	LDI  R31,HIGH(2*@0+(@1))
                 	.ENDM
                 
                 	.MACRO __POINTD1FN
                 	LDI  R30,LOW(2*@0+(@1))
                 	LDI  R31,HIGH(2*@0+(@1))
                 	LDI  R22,BYTE3(2*@0+(@1))
                 	LDI  R23,BYTE4(2*@0+(@1))
                 	.ENDM
                 
                 	.MACRO __POINTB2MN
                 	LDI  R26,LOW(@0+(@1))
                 	.ENDM
                 
                 	.MACRO __POINTW2MN
                 	LDI  R26,LOW(@0+(@1))
                 	LDI  R27,HIGH(@0+(@1))
                 	.ENDM
                 
                 	.MACRO __POINTW2FN
                 	LDI  R26,LOW(2*@0+(@1))
                 	LDI  R27,HIGH(2*@0+(@1))
                 	.ENDM
                 
                 	.MACRO __POINTD2FN
                 	LDI  R26,LOW(2*@0+(@1))
                 	LDI  R27,HIGH(2*@0+(@1))
                 	LDI  R24,BYTE3(2*@0+(@1))
                 	LDI  R25,BYTE4(2*@0+(@1))
                 	.ENDM
                 
                 	.MACRO __POINTBRM
                 	LDI  R@0,LOW(@1)
                 	.ENDM
                 
                 	.MACRO __POINTWRM
                 	LDI  R@0,LOW(@2)
                 	LDI  R@1,HIGH(@2)
                 	.ENDM
                 
                 	.MACRO __POINTBRMN
                 	LDI  R@0,LOW(@1+(@2))
                 	.ENDM
                 
                 	.MACRO __POINTWRMN
                 	LDI  R@0,LOW(@2+(@3))
                 	LDI  R@1,HIGH(@2+(@3))
                 	.ENDM
                 
                 	.MACRO __POINTWRFN
                 	LDI  R@0,LOW(@2*2+(@3))
                 	LDI  R@1,HIGH(@2*2+(@3))
                 	.ENDM
                 
                 	.MACRO __GETD1N
                 	LDI  R30,LOW(@0)
                 	LDI  R31,HIGH(@0)
                 	LDI  R22,BYTE3(@0)
                 	LDI  R23,BYTE4(@0)
                 	.ENDM
                 
                 	.MACRO __GETD2N
                 	LDI  R26,LOW(@0)
                 	LDI  R27,HIGH(@0)
                 	LDI  R24,BYTE3(@0)
                 	LDI  R25,BYTE4(@0)
                 	.ENDM
                 
                 	.MACRO __GETB1MN
                 	LDS  R30,@0+(@1)
                 	.ENDM
                 
                 	.MACRO __GETB1HMN
                 	LDS  R31,@0+(@1)
                 	.ENDM
                 
                 	.MACRO __GETW1MN
                 	LDS  R30,@0+(@1)
                 	LDS  R31,@0+(@1)+1
                 	.ENDM
                 
                 	.MACRO __GETD1MN
                 	LDS  R30,@0+(@1)
                 	LDS  R31,@0+(@1)+1
                 	LDS  R22,@0+(@1)+2
                 	LDS  R23,@0+(@1)+3
                 	.ENDM
                 
                 	.MACRO __GETBRMN
                 	LDS  R@0,@1+(@2)
                 	.ENDM
                 
                 	.MACRO __GETWRMN
                 	LDS  R@0,@2+(@3)
                 	LDS  R@1,@2+(@3)+1
                 	.ENDM
                 
                 	.MACRO __GETWRZ
                 	LDD  R@0,Z+@2
                 	LDD  R@1,Z+@2+1
                 	.ENDM
                 
                 	.MACRO __GETD2Z
                 	LDD  R26,Z+@0
                 	LDD  R27,Z+@0+1
                 	LDD  R24,Z+@0+2
                 	LDD  R25,Z+@0+3
                 	.ENDM
                 
                 	.MACRO __GETB2MN
                 	LDS  R26,@0+(@1)
                 	.ENDM
                 
                 	.MACRO __GETW2MN
                 	LDS  R26,@0+(@1)
                 	LDS  R27,@0+(@1)+1
                 	.ENDM
                 
                 	.MACRO __GETD2MN
                 	LDS  R26,@0+(@1)
                 	LDS  R27,@0+(@1)+1
                 	LDS  R24,@0+(@1)+2
                 	LDS  R25,@0+(@1)+3
                 	.ENDM
                 
                 	.MACRO __PUTB1MN
                 	STS  @0+(@1),R30
                 	.ENDM
                 
                 	.MACRO __PUTW1MN
                 	STS  @0+(@1),R30
                 	STS  @0+(@1)+1,R31
                 	.ENDM
                 
                 	.MACRO __PUTD1MN
                 	STS  @0+(@1),R30
                 	STS  @0+(@1)+1,R31
                 	STS  @0+(@1)+2,R22
                 	STS  @0+(@1)+3,R23
                 	.ENDM
                 
                 	.MACRO __PUTB1EN
                 	LDI  R26,LOW(@0+(@1))
                 	LDI  R27,HIGH(@0+(@1))
                 	CALL __EEPROMWRB
                 	.ENDM
                 
                 	.MACRO __PUTW1EN
                 	LDI  R26,LOW(@0+(@1))
                 	LDI  R27,HIGH(@0+(@1))
                 	CALL __EEPROMWRW
                 	.ENDM
                 
                 	.MACRO __PUTD1EN
                 	LDI  R26,LOW(@0+(@1))
                 	LDI  R27,HIGH(@0+(@1))
                 	CALL __EEPROMWRD
                 	.ENDM
                 
                 	.MACRO __PUTBR0MN
                 	STS  @0+(@1),R0
                 	.ENDM
                 
                 	.MACRO __PUTBMRN
                 	STS  @0+(@1),R@2
                 	.ENDM
                 
                 	.MACRO __PUTWMRN
                 	STS  @0+(@1),R@2
                 	STS  @0+(@1)+1,R@3
                 	.ENDM
                 
                 	.MACRO __PUTBZR
                 	STD  Z+@1,R@0
                 	.ENDM
                 
                 	.MACRO __PUTWZR
                 	STD  Z+@2,R@0
                 	STD  Z+@2+1,R@1
                 	.ENDM
                 
                 	.MACRO __GETW1R
                 	MOV  R30,R@0
                 	MOV  R31,R@1
                 	.ENDM
                 
                 	.MACRO __GETW2R
                 	MOV  R26,R@0
                 	MOV  R27,R@1
                 	.ENDM
                 
                 	.MACRO __GETWRN
                 	LDI  R@0,LOW(@2)
                 	LDI  R@1,HIGH(@2)
                 	.ENDM
                 
                 	.MACRO __PUTW1R
                 	MOV  R@0,R30
                 	MOV  R@1,R31
                 	.ENDM
                 
                 	.MACRO __PUTW2R
                 	MOV  R@0,R26
                 	MOV  R@1,R27
                 	.ENDM
                 
                 	.MACRO __ADDWRN
                 	SUBI R@0,LOW(-@2)
                 	SBCI R@1,HIGH(-@2)
                 	.ENDM
                 
                 	.MACRO __ADDWRR
                 	ADD  R@0,R@2
                 	ADC  R@1,R@3
                 	.ENDM
                 
                 	.MACRO __SUBWRN
                 	SUBI R@0,LOW(@2)
                 	SBCI R@1,HIGH(@2)
                 	.ENDM
                 
                 	.MACRO __SUBWRR
                 	SUB  R@0,R@2
                 	SBC  R@1,R@3
                 	.ENDM
                 
                 	.MACRO __ANDWRN
                 	ANDI R@0,LOW(@2)
                 	ANDI R@1,HIGH(@2)
                 	.ENDM
                 
                 	.MACRO __ANDWRR
                 	AND  R@0,R@2
                 	AND  R@1,R@3
                 	.ENDM
                 
                 	.MACRO __ORWRN
                 	ORI  R@0,LOW(@2)
                 	ORI  R@1,HIGH(@2)
                 	.ENDM
                 
                 	.MACRO __ORWRR
                 	OR   R@0,R@2
                 	OR   R@1,R@3
                 	.ENDM
                 
                 	.MACRO __EORWRR
                 	EOR  R@0,R@2
                 	EOR  R@1,R@3
                 	.ENDM
                 
                 	.MACRO __GETWRS
                 	LDD  R@0,Y+@2
                 	LDD  R@1,Y+@2+1
                 	.ENDM
                 
                 	.MACRO __PUTBSR
                 	STD  Y+@1,R@0
                 	.ENDM
                 
                 	.MACRO __PUTWSR
                 	STD  Y+@2,R@0
                 	STD  Y+@2+1,R@1
                 	.ENDM
                 
                 	.MACRO __MOVEWRR
                 	MOV  R@0,R@2
                 	MOV  R@1,R@3
                 	.ENDM
                 
                 	.MACRO __INWR
                 	IN   R@0,@2
                 	IN   R@1,@2+1
                 	.ENDM
                 
                 	.MACRO __OUTWR
                 	OUT  @2+1,R@1
                 	OUT  @2,R@0
                 	.ENDM
                 
                 	.MACRO __CALL1MN
                 	LDS  R30,@0+(@1)
                 	LDS  R31,@0+(@1)+1
                 	ICALL
                 	.ENDM
                 
                 	.MACRO __CALL1FN
                 	LDI  R30,LOW(2*@0+(@1))
                 	LDI  R31,HIGH(2*@0+(@1))
                 	CALL __GETW1PF
                 	ICALL
                 	.ENDM
                 
                 	.MACRO __CALL2EN
                 	PUSH R26
                 	PUSH R27
                 	LDI  R26,LOW(@0+(@1))
                 	LDI  R27,HIGH(@0+(@1))
                 	CALL __EEPROMRDW
                 	POP  R27
                 	POP  R26
                 	ICALL
                 	.ENDM
                 
                 	.MACRO __CALL2EX
                 	SUBI R26,LOW(-@0)
                 	SBCI R27,HIGH(-@0)
                 	CALL __EEPROMRDD
                 	ICALL
                 	.ENDM
                 
                 	.MACRO __GETW1STACK
                 	IN   R30,SPL
                 	IN   R31,SPH
                 	ADIW R30,@0+1
                 	LD   R0,Z+
                 	LD   R31,Z
                 	MOV  R30,R0
                 	.ENDM
                 
                 	.MACRO __GETD1STACK
                 	IN   R30,SPL
                 	IN   R31,SPH
                 	ADIW R30,@0+1
                 	LD   R0,Z+
                 	LD   R1,Z+
                 	LD   R22,Z
                 	MOVW R30,R0
                 	.ENDM
                 
                 	.MACRO __NBST
                 	BST  R@0,@1
                 	IN   R30,SREG
                 	LDI  R31,0x40
                 	EOR  R30,R31
                 	OUT  SREG,R30
                 	.ENDM
                 
                 
                 	.MACRO __PUTB1SN
                 	LDD  R26,Y+@0
                 	LDD  R27,Y+@0+1
                 	SUBI R26,LOW(-@1)
                 	SBCI R27,HIGH(-@1)
                 	ST   X,R30
                 	.ENDM
                 
                 	.MACRO __PUTW1SN
                 	LDD  R26,Y+@0
                 	LDD  R27,Y+@0+1
                 	SUBI R26,LOW(-@1)
                 	SBCI R27,HIGH(-@1)
                 	ST   X+,R30
                 	ST   X,R31
                 	.ENDM
                 
                 	.MACRO __PUTD1SN
                 	LDD  R26,Y+@0
                 	LDD  R27,Y+@0+1
                 	SUBI R26,LOW(-@1)
                 	SBCI R27,HIGH(-@1)
                 	CALL __PUTDP1
                 	.ENDM
                 
                 	.MACRO __PUTB1SNS
                 	LDD  R26,Y+@0
                 	LDD  R27,Y+@0+1
                 	ADIW R26,@1
                 	ST   X,R30
                 	.ENDM
                 
                 	.MACRO __PUTW1SNS
                 	LDD  R26,Y+@0
                 	LDD  R27,Y+@0+1
                 	ADIW R26,@1
                 	ST   X+,R30
                 	ST   X,R31
                 	.ENDM
                 
                 	.MACRO __PUTD1SNS
                 	LDD  R26,Y+@0
                 	LDD  R27,Y+@0+1
                 	ADIW R26,@1
                 	CALL __PUTDP1
                 	.ENDM
                 
                 	.MACRO __PUTB1PMN
                 	LDS  R26,@0
                 	LDS  R27,@0+1
                 	SUBI R26,LOW(-@1)
                 	SBCI R27,HIGH(-@1)
                 	ST   X,R30
                 	.ENDM
                 
                 	.MACRO __PUTW1PMN
                 	LDS  R26,@0
                 	LDS  R27,@0+1
                 	SUBI R26,LOW(-@1)
                 	SBCI R27,HIGH(-@1)
                 	ST   X+,R30
                 	ST   X,R31
                 	.ENDM
                 
                 	.MACRO __PUTD1PMN
                 	LDS  R26,@0
                 	LDS  R27,@0+1
                 	SUBI R26,LOW(-@1)
                 	SBCI R27,HIGH(-@1)
                 	CALL __PUTDP1
                 	.ENDM
                 
                 	.MACRO __PUTB1PMNS
                 	LDS  R26,@0
                 	LDS  R27,@0+1
                 	ADIW R26,@1
                 	ST   X,R30
                 	.ENDM
                 
                 	.MACRO __PUTW1PMNS
                 	LDS  R26,@0
                 	LDS  R27,@0+1
                 	ADIW R26,@1
                 	ST   X+,R30
                 	ST   X,R31
                 	.ENDM
                 
                 	.MACRO __PUTD1PMNS
                 	LDS  R26,@0
                 	LDS  R27,@0+1
                 	ADIW R26,@1
                 	CALL __PUTDP1
                 	.ENDM
                 
                 	.MACRO __PUTB1RN
                 	MOVW R26,R@0
                 	SUBI R26,LOW(-@1)
                 	SBCI R27,HIGH(-@1)
                 	ST   X,R30
                 	.ENDM
                 
                 	.MACRO __PUTW1RN
                 	MOVW R26,R@0
                 	SUBI R26,LOW(-@1)
                 	SBCI R27,HIGH(-@1)
                 	ST   X+,R30
                 	ST   X,R31
                 	.ENDM
                 
                 	.MACRO __PUTD1RN
                 	MOVW R26,R@0
                 	SUBI R26,LOW(-@1)
                 	SBCI R27,HIGH(-@1)
                 	CALL __PUTDP1
                 	.ENDM
                 
                 	.MACRO __PUTB1RNS
                 	MOVW R26,R@0
                 	ADIW R26,@1
                 	ST   X,R30
                 	.ENDM
                 
                 	.MACRO __PUTW1RNS
                 	MOVW R26,R@0
                 	ADIW R26,@1
                 	ST   X+,R30
                 	ST   X,R31
                 	.ENDM
                 
                 	.MACRO __PUTD1RNS
                 	MOVW R26,R@0
                 	ADIW R26,@1
                 	CALL __PUTDP1
                 	.ENDM
                 
                 	.MACRO __PUTB1RON
                 	MOV  R26,R@0
                 	MOV  R27,R@1
                 	SUBI R26,LOW(-@2)
                 	SBCI R27,HIGH(-@2)
                 	ST   X,R30
                 	.ENDM
                 
                 	.MACRO __PUTW1RON
                 	MOV  R26,R@0
                 	MOV  R27,R@1
                 	SUBI R26,LOW(-@2)
                 	SBCI R27,HIGH(-@2)
                 	ST   X+,R30
                 	ST   X,R31
                 	.ENDM
                 
                 	.MACRO __PUTD1RON
                 	MOV  R26,R@0
                 	MOV  R27,R@1
                 	SUBI R26,LOW(-@2)
                 	SBCI R27,HIGH(-@2)
                 	CALL __PUTDP1
                 	.ENDM
                 
                 	.MACRO __PUTB1RONS
                 	MOV  R26,R@0
                 	MOV  R27,R@1
                 	ADIW R26,@2
                 	ST   X,R30
                 	.ENDM
                 
                 	.MACRO __PUTW1RONS
                 	MOV  R26,R@0
                 	MOV  R27,R@1
                 	ADIW R26,@2
                 	ST   X+,R30
                 	ST   X,R31
                 	.ENDM
                 
                 	.MACRO __PUTD1RONS
                 	MOV  R26,R@0
                 	MOV  R27,R@1
                 	ADIW R26,@2
                 	CALL __PUTDP1
                 	.ENDM
                 
                 
                 	.MACRO __GETB1SX
                 	MOVW R30,R28
                 	SUBI R30,LOW(-@0)
                 	SBCI R31,HIGH(-@0)
                 	LD   R30,Z
                 	.ENDM
                 
                 	.MACRO __GETB1HSX
                 	MOVW R30,R28
                 	SUBI R30,LOW(-@0)
                 	SBCI R31,HIGH(-@0)
                 	LD   R31,Z
                 	.ENDM
                 
                 	.MACRO __GETW1SX
                 	MOVW R30,R28
                 	SUBI R30,LOW(-@0)
                 	SBCI R31,HIGH(-@0)
                 	LD   R0,Z+
                 	LD   R31,Z
                 	MOV  R30,R0
                 	.ENDM
                 
                 	.MACRO __GETD1SX
                 	MOVW R30,R28
                 	SUBI R30,LOW(-@0)
                 	SBCI R31,HIGH(-@0)
                 	LD   R0,Z+
                 	LD   R1,Z+
                 	LD   R22,Z+
                 	LD   R23,Z
                 	MOVW R30,R0
                 	.ENDM
                 
                 	.MACRO __GETB2SX
                 	MOVW R26,R28
                 	SUBI R26,LOW(-@0)
                 	SBCI R27,HIGH(-@0)
                 	LD   R26,X
                 	.ENDM
                 
                 	.MACRO __GETW2SX
                 	MOVW R26,R28
                 	SUBI R26,LOW(-@0)
                 	SBCI R27,HIGH(-@0)
                 	LD   R0,X+
                 	LD   R27,X
                 	MOV  R26,R0
                 	.ENDM
                 
                 	.MACRO __GETD2SX
                 	MOVW R26,R28
                 	SUBI R26,LOW(-@0)
                 	SBCI R27,HIGH(-@0)
                 	LD   R0,X+
                 	LD   R1,X+
                 	LD   R24,X+
                 	LD   R25,X
                 	MOVW R26,R0
                 	.ENDM
                 
                 	.MACRO __GETBRSX
                 	MOVW R30,R28
                 	SUBI R30,LOW(-@1)
                 	SBCI R31,HIGH(-@1)
                 	LD   R@0,Z
                 	.ENDM
                 
                 	.MACRO __GETWRSX
                 	MOVW R30,R28
                 	SUBI R30,LOW(-@2)
                 	SBCI R31,HIGH(-@2)
                 	LD   R@0,Z+
                 	LD   R@1,Z
                 	.ENDM
                 
                 	.MACRO __GETBRSX2
                 	MOVW R26,R28
                 	SUBI R26,LOW(-@1)
                 	SBCI R27,HIGH(-@1)
                 	LD   R@0,X
                 	.ENDM
                 
                 	.MACRO __GETWRSX2
                 	MOVW R26,R28
                 	SUBI R26,LOW(-@2)
                 	SBCI R27,HIGH(-@2)
                 	LD   R@0,X+
                 	LD   R@1,X
                 	.ENDM
                 
                 	.MACRO __LSLW8SX
                 	MOVW R30,R28
                 	SUBI R30,LOW(-@0)
                 	SBCI R31,HIGH(-@0)
                 	LD   R31,Z
                 	CLR  R30
                 	.ENDM
                 
                 	.MACRO __PUTB1SX
                 	MOVW R26,R28
                 	SUBI R26,LOW(-@0)
                 	SBCI R27,HIGH(-@0)
                 	ST   X,R30
                 	.ENDM
                 
                 	.MACRO __PUTW1SX
                 	MOVW R26,R28
                 	SUBI R26,LOW(-@0)
                 	SBCI R27,HIGH(-@0)
                 	ST   X+,R30
                 	ST   X,R31
                 	.ENDM
                 
                 	.MACRO __PUTD1SX
                 	MOVW R26,R28
                 	SUBI R26,LOW(-@0)
                 	SBCI R27,HIGH(-@0)
                 	ST   X+,R30
                 	ST   X+,R31
                 	ST   X+,R22
                 	ST   X,R23
                 	.ENDM
                 
                 	.MACRO __CLRW1SX
                 	MOVW R26,R28
                 	SUBI R26,LOW(-@0)
                 	SBCI R27,HIGH(-@0)
                 	ST   X+,R30
                 	ST   X,R30
                 	.ENDM
                 
                 	.MACRO __CLRD1SX
                 	MOVW R26,R28
                 	SUBI R26,LOW(-@0)
                 	SBCI R27,HIGH(-@0)
                 	ST   X+,R30
                 	ST   X+,R30
                 	ST   X+,R30
                 	ST   X,R30
                 	.ENDM
                 
                 	.MACRO __PUTB2SX
                 	MOVW R30,R28
                 	SUBI R30,LOW(-@0)
                 	SBCI R31,HIGH(-@0)
                 	ST   Z,R26
                 	.ENDM
                 
                 	.MACRO __PUTW2SX
                 	MOVW R30,R28
                 	SUBI R30,LOW(-@0)
                 	SBCI R31,HIGH(-@0)
                 	ST   Z+,R26
                 	ST   Z,R27
                 	.ENDM
                 
                 	.MACRO __PUTD2SX
                 	MOVW R30,R28
                 	SUBI R30,LOW(-@0)
                 	SBCI R31,HIGH(-@0)
                 	ST   Z+,R26
                 	ST   Z+,R27
                 	ST   Z+,R24
                 	ST   Z,R25
                 	.ENDM
                 
                 	.MACRO __PUTBSRX
                 	MOVW R30,R28
                 	SUBI R30,LOW(-@1)
                 	SBCI R31,HIGH(-@1)
                 	ST   Z,R@0
                 	.ENDM
                 
                 	.MACRO __PUTWSRX
                 	MOVW R30,R28
                 	SUBI R30,LOW(-@2)
                 	SBCI R31,HIGH(-@2)
                 	ST   Z+,R@0
                 	ST   Z,R@1
                 	.ENDM
                 
                 	.MACRO __PUTB1SNX
                 	MOVW R26,R28
                 	SUBI R26,LOW(-@0)
                 	SBCI R27,HIGH(-@0)
                 	LD   R0,X+
                 	LD   R27,X
                 	MOV  R26,R0
                 	SUBI R26,LOW(-@1)
                 	SBCI R27,HIGH(-@1)
                 	ST   X,R30
                 	.ENDM
                 
                 	.MACRO __PUTW1SNX
                 	MOVW R26,R28
                 	SUBI R26,LOW(-@0)
                 	SBCI R27,HIGH(-@0)
                 	LD   R0,X+
                 	LD   R27,X
                 	MOV  R26,R0
                 	SUBI R26,LOW(-@1)
                 	SBCI R27,HIGH(-@1)
                 	ST   X+,R30
                 	ST   X,R31
                 	.ENDM
                 
                 	.MACRO __PUTD1SNX
                 	MOVW R26,R28
                 	SUBI R26,LOW(-@0)
                 	SBCI R27,HIGH(-@0)
                 	LD   R0,X+
                 	LD   R27,X
                 	MOV  R26,R0
                 	SUBI R26,LOW(-@1)
                 	SBCI R27,HIGH(-@1)
                 	ST   X+,R30
                 	ST   X+,R31
                 	ST   X+,R22
                 	ST   X,R23
                 	.ENDM
                 
                 	.MACRO __MULBRR
                 	MULS R@0,R@1
                 	MOVW R30,R0
                 	.ENDM
                 
                 	.MACRO __MULBRRU
                 	MUL  R@0,R@1
                 	MOVW R30,R0
                 	.ENDM
                 
                 	.MACRO __MULBRR0
                 	MULS R@0,R@1
                 	.ENDM
                 
                 	.MACRO __MULBRRU0
                 	MUL  R@0,R@1
                 	.ENDM
                 
                 	.MACRO __MULBNWRU
                 	LDI  R26,@2
                 	MUL  R26,R@0
                 	MOVW R30,R0
                 	MUL  R26,R@1
                 	ADD  R31,R0
                 	.ENDM
                 
                 ;NAME DEFINITIONS FOR GLOBAL VARIABLES ALLOCATED TO REGISTERS
                 	.DEF __lcd_x=R5
                 	.DEF __lcd_y=R4
                 	.DEF __lcd_maxx=R7
                 
                 	.CSEG
                 	.ORG 0x00
                 
                 ;START OF CODE MARKER
                 __START_OF_CODE:
                 
                 ;INTERRUPT VECTORS
000000 940c 0049 	JMP  __RESET
000002 940c 0000 	JMP  0x00
000004 940c 0000 	JMP  0x00
000006 940c 0000 	JMP  0x00
000008 940c 0000 	JMP  0x00
00000a 940c 0000 	JMP  0x00
00000c 940c 0000 	JMP  0x00
00000e 940c 0000 	JMP  0x00
000010 940c 0000 	JMP  0x00
000012 940c 0000 	JMP  0x00
000014 940c 0000 	JMP  0x00
000016 940c 0000 	JMP  0x00
000018 940c 0000 	JMP  0x00
00001a 940c 0000 	JMP  0x00
00001c 940c 0000 	JMP  0x00
00001e 940c 0000 	JMP  0x00
000020 940c 0000 	JMP  0x00
000022 940c 0000 	JMP  0x00
000024 940c 0000 	JMP  0x00
000026 940c 0000 	JMP  0x00
000028 940c 0000 	JMP  0x00
                 
                 _tbl10_G100:
00002a 2710
00002b 03e8
00002c 0064
00002d 000a      	.DB  0x10,0x27,0xE8,0x3,0x64,0x0,0xA,0x0
00002e 0001      	.DB  0x1,0x0
                 _tbl16_G100:
00002f 1000
000030 0100
000031 0010
000032 0001      	.DB  0x0,0x10,0x0,0x1,0x10,0x0,0x1,0x0
                 
                 _0x0:
000033 6425
000034 2b20
000035 2520
000036 2064      	.DB  0x25,0x64,0x20,0x2B,0x20,0x25,0x64,0x20
000037 203d
000038 6425
000039 6500
00003a 746e      	.DB  0x3D,0x20,0x25,0x64,0x0,0x65,0x6E,0x74
00003b 7265
00003c 7420
00003d 6f77
00003e 6e20      	.DB  0x65,0x72,0x20,0x74,0x77,0x6F,0x20,0x6E
00003f 6d75
000040 003a      	.DB  0x75,0x6D,0x3A,0x0
                 _0x2020003:
000041 c080      	.DB  0x80,0xC0
                 
                 __GLOBAL_INI_TBL:
000042 000f      	.DW  0x0F
000043 0160      	.DW  _0x6
000044 0073      	.DW  _0x0*2+13
                 
000045 0002      	.DW  0x02
000046 016f      	.DW  __base_y_G101
000047 0082      	.DW  _0x2020003*2
                 
                 _0xFFFFFFFF:
000048 0000      	.DW  0
                 
                 #define __GLOBAL_INI_TBL_PRESENT 1
                 
                 __RESET:
000049 94f8      	CLI
00004a 27ee      	CLR  R30
00004b bbec      	OUT  EECR,R30
                 
                 ;INTERRUPT VECTORS ARE PLACED
                 ;AT THE START OF FLASH
00004c e0f1      	LDI  R31,1
00004d bffb      	OUT  GICR,R31
00004e bfeb      	OUT  GICR,R30
00004f bfe5      	OUT  MCUCR,R30
                 
                 ;CLEAR R2-R14
000050 e08d      	LDI  R24,(14-2)+1
000051 e0a2      	LDI  R26,2
000052 27bb      	CLR  R27
                 __CLEAR_REG:
000053 93ed      	ST   X+,R30
000054 958a      	DEC  R24
000055 f7e9      	BRNE __CLEAR_REG
                 
                 ;CLEAR SRAM
000056 e080      	LDI  R24,LOW(__CLEAR_SRAM_SIZE)
000057 e094      	LDI  R25,HIGH(__CLEAR_SRAM_SIZE)
000058 e6a0      	LDI  R26,__SRAM_START
                 __CLEAR_SRAM:
000059 93ed      	ST   X+,R30
00005a 9701      	SBIW R24,1
00005b f7e9      	BRNE __CLEAR_SRAM
                 
                 ;GLOBAL VARIABLES INITIALIZATION
00005c e8e4      	LDI  R30,LOW(__GLOBAL_INI_TBL*2)
00005d e0f0      	LDI  R31,HIGH(__GLOBAL_INI_TBL*2)
                 __GLOBAL_INI_NEXT:
00005e 9185      	LPM  R24,Z+
00005f 9195      	LPM  R25,Z+
000060 9700      	SBIW R24,0
000061 f061      	BREQ __GLOBAL_INI_END
000062 91a5      	LPM  R26,Z+
000063 91b5      	LPM  R27,Z+
000064 9005      	LPM  R0,Z+
000065 9015      	LPM  R1,Z+
000066 01bf      	MOVW R22,R30
000067 01f0      	MOVW R30,R0
                 __GLOBAL_INI_LOOP:
000068 9005      	LPM  R0,Z+
000069 920d      	ST   X+,R0
00006a 9701      	SBIW R24,1
00006b f7e1      	BRNE __GLOBAL_INI_LOOP
00006c 01fb      	MOVW R30,R22
00006d cff0      	RJMP __GLOBAL_INI_NEXT
                 __GLOBAL_INI_END:
                 
                 ;HARDWARE STACK POINTER INITIALIZATION
00006e e5ef      	LDI  R30,LOW(__SRAM_END-__HEAP_SIZE)
00006f bfed      	OUT  SPL,R30
000070 e0e4      	LDI  R30,HIGH(__SRAM_END-__HEAP_SIZE)
000071 bfee      	OUT  SPH,R30
                 
                 ;DATA STACK POINTER INITIALIZATION
000072 e6c0      	LDI  R28,LOW(__SRAM_START+__DSTACK_SIZE)
000073 e0d1      	LDI  R29,HIGH(__SRAM_START+__DSTACK_SIZE)
                 
000074 940c 0076 	JMP  _main
                 
                 	.ESEG
                 	.ORG 0
                 
                 	.DSEG
                 	.ORG 0x160
                 
                 	.CSEG
                 ;/*******************************************************
                 ;This program was created by the
                 ;CodeWizardAVR V3.12 Advanced
                 ;Automatic Program Generator
                 ;© Copyright 1998-2014 Pavel Haiduc, HP InfoTech s.r.l.
                 ;http://www.hpinfotech.com
                 ;
                 ;Project :
                 ;Version :
                 ;Date    : 8/1/2023
                 ;Author  :
                 ;Company :
                 ;Comments:
                 ;
                 ;
                 ;Chip type               : ATmega16
                 ;Program type            : Application
                 ;AVR Core Clock frequency: 8.000000 MHz
                 ;Memory model            : Small
                 ;External RAM size       : 0
                 ;Data Stack size         : 256
                 ;*******************************************************/
                 ;
                 ;#include <mega16.h>
                 	#ifndef __SLEEP_DEFINED__
                 	#define __SLEEP_DEFINED__
                 	.EQU __se_bit=0x40
                 	.EQU __sm_mask=0xB0
                 	.EQU __sm_powerdown=0x20
                 	.EQU __sm_powersave=0x30
                 	.EQU __sm_standby=0xA0
                 	.EQU __sm_ext_standby=0xB0
                 	.EQU __sm_adc_noise_red=0x10
                 	.SET power_ctrl_reg=mcucr
                 	#endif
                 ;#include <stdio.h>
                 ;#include <delay.h>
                 ;// Alphanumeric LCD functions
                 ;#include <alcd.h>
                 ;
                 ;// Declare your global variables here
                 ;void main(void)
                 ; 0000 0020 {
                 
                 	.CSEG
                 _main:
                 ; .FSTART _main
                 ; 0000 0021 // Declare your local variables here
                 ; 0000 0022 char result[16];
                 ; 0000 0023 int r_num_1 = 0, r_num_2 = 0, r_res = 0;
                 ; 0000 0024 //unsigned char raw;
                 ; 0000 0025 // Input/Output Ports initialization
                 ; 0000 0026 // Port A initialization
                 ; 0000 0027 // Function: Bit7=Out Bit6=Out Bit5=Out Bit4=Out Bit3=Out Bit2=Out Bit1=Out Bit0=Out
                 ; 0000 0028 DDRA=(1<<DDA7) | (1<<DDA6) | (1<<DDA5) | (1<<DDA4) | (1<<DDA3) | (1<<DDA2) | (1<<DDA1) | (1<<DDA0);
000076 9760      	SBIW R28,16
                 ;	result -> Y+0
                 ;	r_num_1 -> R16,R17
                 ;	r_num_2 -> R18,R19
                 ;	r_res -> R20,R21
                +
000077 e000     +LDI R16 , LOW ( 0 )
000078 e010     +LDI R17 , HIGH ( 0 )
                 	__GETWRN 16,17,0
                +
000079 e020     +LDI R18 , LOW ( 0 )
00007a e030     +LDI R19 , HIGH ( 0 )
                 	__GETWRN 18,19,0
                +
00007b e040     +LDI R20 , LOW ( 0 )
00007c e050     +LDI R21 , HIGH ( 0 )
                 	__GETWRN 20,21,0
00007d efef      	LDI  R30,LOW(255)
00007e bbea      	OUT  0x1A,R30
                 ; 0000 0029 // State: Bit7=0 Bit6=0 Bit5=0 Bit4=0 Bit3=0 Bit2=0 Bit1=0 Bit0=0
                 ; 0000 002A PORTA=(0<<PORTA7) | (0<<PORTA6) | (0<<PORTA5) | (0<<PORTA4) | (0<<PORTA3) | (0<<PORTA2) | (0<<PORTA1) | (0<<PORTA0);
00007f e0e0      	LDI  R30,LOW(0)
000080 bbeb      	OUT  0x1B,R30
                 ; 0000 002B 
                 ; 0000 002C // Port B initialization
                 ; 0000 002D // Function: Bit7=In Bit6=In Bit5=In Bit4=In Bit3=In Bit2=In Bit1=In Bit0=In
                 ; 0000 002E DDRB=(0<<DDB7) | (0<<DDB6) | (0<<DDB5) | (0<<DDB4) | (0<<DDB3) | (0<<DDB2) | (0<<DDB1) | (0<<DDB0);
000081 bbe7      	OUT  0x17,R30
                 ; 0000 002F // State: Bit7=T Bit6=T Bit5=T Bit4=T Bit3=T Bit2=T Bit1=T Bit0=T
                 ; 0000 0030 PORTB=(0<<PORTB7) | (0<<PORTB6) | (0<<PORTB5) | (0<<PORTB4) | (0<<PORTB3) | (0<<PORTB2) | (0<<PORTB1) | (0<<PORTB0);
000082 bbe8      	OUT  0x18,R30
                 ; 0000 0031 
                 ; 0000 0032 // Port C initialization
                 ; 0000 0033 // Function: Bit7=In Bit6=In Bit5=In Bit4=In Bit3=In Bit2=In Bit1=In Bit0=In
                 ; 0000 0034 DDRC=(0<<DDC7) | (0<<DDC6) | (0<<DDC5) | (0<<DDC4) | (0<<DDC3) | (0<<DDC2) | (0<<DDC1) | (0<<DDC0);
000083 bbe4      	OUT  0x14,R30
                 ; 0000 0035 // State: Bit7=T Bit6=T Bit5=T Bit4=T Bit3=T Bit2=T Bit1=T Bit0=T
                 ; 0000 0036 PORTC=(0<<PORTC7) | (0<<PORTC6) | (0<<PORTC5) | (0<<PORTC4) | (0<<PORTC3) | (0<<PORTC2) | (0<<PORTC1) | (0<<PORTC0);
000084 bbe5      	OUT  0x15,R30
                 ; 0000 0037 
                 ; 0000 0038 // Port D initialization
                 ; 0000 0039 // Function: Bit7=In Bit6=In Bit5=In Bit4=In Bit3=In Bit2=In Bit1=In Bit0=In
                 ; 0000 003A DDRD=(0<<DDD7) | (0<<DDD6) | (0<<DDD5) | (0<<DDD4) | (0<<DDD3) | (0<<DDD2) | (0<<DDD1) | (0<<DDD0);
000085 bbe1      	OUT  0x11,R30
                 ; 0000 003B // State: Bit7=T Bit6=T Bit5=T Bit4=T Bit3=T Bit2=T Bit1=T Bit0=T
                 ; 0000 003C PORTD=(0<<PORTD7) | (0<<PORTD6) | (0<<PORTD5) | (0<<PORTD4) | (0<<PORTD3) | (0<<PORTD2) | (0<<PORTD1) | (0<<PORTD0);
000086 bbe2      	OUT  0x12,R30
                 ; 0000 003D 
                 ; 0000 003E // Timer/Counter 0 initialization
                 ; 0000 003F // Clock source: System Clock
                 ; 0000 0040 // Clock value: Timer 0 Stopped
                 ; 0000 0041 // Mode: Normal top=0xFF
                 ; 0000 0042 // OC0 output: Disconnected
                 ; 0000 0043 TCCR0=(0<<WGM00) | (0<<COM01) | (0<<COM00) | (0<<WGM01) | (0<<CS02) | (0<<CS01) | (0<<CS00);
000087 bfe3      	OUT  0x33,R30
                 ; 0000 0044 TCNT0=0x00;
000088 bfe2      	OUT  0x32,R30
                 ; 0000 0045 OCR0=0x00;
000089 bfec      	OUT  0x3C,R30
                 ; 0000 0046 
                 ; 0000 0047 // Timer/Counter 1 initialization
                 ; 0000 0048 // Clock source: System Clock
                 ; 0000 0049 // Clock value: Timer1 Stopped
                 ; 0000 004A // Mode: Normal top=0xFFFF
                 ; 0000 004B // OC1A output: Disconnected
                 ; 0000 004C // OC1B output: Disconnected
                 ; 0000 004D // Noise Canceler: Off
                 ; 0000 004E // Input Capture on Falling Edge
                 ; 0000 004F // Timer1 Overflow Interrupt: Off
                 ; 0000 0050 // Input Capture Interrupt: Off
                 ; 0000 0051 // Compare A Match Interrupt: Off
                 ; 0000 0052 // Compare B Match Interrupt: Off
                 ; 0000 0053 TCCR1A=(0<<COM1A1) | (0<<COM1A0) | (0<<COM1B1) | (0<<COM1B0) | (0<<WGM11) | (0<<WGM10);
00008a bdef      	OUT  0x2F,R30
                 ; 0000 0054 TCCR1B=(0<<ICNC1) | (0<<ICES1) | (0<<WGM13) | (0<<WGM12) | (0<<CS12) | (0<<CS11) | (0<<CS10);
00008b bdee      	OUT  0x2E,R30
                 ; 0000 0055 TCNT1H=0x00;
00008c bded      	OUT  0x2D,R30
                 ; 0000 0056 TCNT1L=0x00;
00008d bdec      	OUT  0x2C,R30
                 ; 0000 0057 ICR1H=0x00;
00008e bde7      	OUT  0x27,R30
                 ; 0000 0058 ICR1L=0x00;
00008f bde6      	OUT  0x26,R30
                 ; 0000 0059 OCR1AH=0x00;
000090 bdeb      	OUT  0x2B,R30
                 ; 0000 005A OCR1AL=0x00;
000091 bdea      	OUT  0x2A,R30
                 ; 0000 005B OCR1BH=0x00;
000092 bde9      	OUT  0x29,R30
                 ; 0000 005C OCR1BL=0x00;
000093 bde8      	OUT  0x28,R30
                 ; 0000 005D 
                 ; 0000 005E // Timer/Counter 2 initialization
                 ; 0000 005F // Clock source: System Clock
                 ; 0000 0060 // Clock value: Timer2 Stopped
                 ; 0000 0061 // Mode: Normal top=0xFF
                 ; 0000 0062 // OC2 output: Disconnected
                 ; 0000 0063 ASSR=0<<AS2;
000094 bde2      	OUT  0x22,R30
                 ; 0000 0064 TCCR2=(0<<PWM2) | (0<<COM21) | (0<<COM20) | (0<<CTC2) | (0<<CS22) | (0<<CS21) | (0<<CS20);
000095 bde5      	OUT  0x25,R30
                 ; 0000 0065 TCNT2=0x00;
000096 bde4      	OUT  0x24,R30
                 ; 0000 0066 OCR2=0x00;
000097 bde3      	OUT  0x23,R30
                 ; 0000 0067 
                 ; 0000 0068 // Timer(s)/Counter(s) Interrupt(s) initialization
                 ; 0000 0069 TIMSK=(0<<OCIE2) | (0<<TOIE2) | (0<<TICIE1) | (0<<OCIE1A) | (0<<OCIE1B) | (0<<TOIE1) | (0<<OCIE0) | (0<<TOIE0);
000098 bfe9      	OUT  0x39,R30
                 ; 0000 006A 
                 ; 0000 006B // External Interrupt(s) initialization
                 ; 0000 006C // INT0: Off
                 ; 0000 006D // INT1: Off
                 ; 0000 006E // INT2: Off
                 ; 0000 006F MCUCR=(0<<ISC11) | (0<<ISC10) | (0<<ISC01) | (0<<ISC00);
000099 bfe5      	OUT  0x35,R30
                 ; 0000 0070 MCUCSR=(0<<ISC2);
00009a bfe4      	OUT  0x34,R30
                 ; 0000 0071 
                 ; 0000 0072 // USART initialization
                 ; 0000 0073 // USART disabled
                 ; 0000 0074 UCSRB=(0<<RXCIE) | (0<<TXCIE) | (0<<UDRIE) | (0<<RXEN) | (0<<TXEN) | (0<<UCSZ2) | (0<<RXB8) | (0<<TXB8);
00009b b9ea      	OUT  0xA,R30
                 ; 0000 0075 
                 ; 0000 0076 // Analog Comparator initialization
                 ; 0000 0077 // Analog Comparator: Off
                 ; 0000 0078 // The Analog Comparator's positive input is
                 ; 0000 0079 // connected to the AIN0 pin
                 ; 0000 007A // The Analog Comparator's negative input is
                 ; 0000 007B // connected to the AIN1 pin
                 ; 0000 007C ACSR=(1<<ACD) | (0<<ACBG) | (0<<ACO) | (0<<ACI) | (0<<ACIE) | (0<<ACIC) | (0<<ACIS1) | (0<<ACIS0);
00009c e8e0      	LDI  R30,LOW(128)
00009d b9e8      	OUT  0x8,R30
                 ; 0000 007D SFIOR=(0<<ACME);
00009e e0e0      	LDI  R30,LOW(0)
00009f bfe0      	OUT  0x30,R30
                 ; 0000 007E 
                 ; 0000 007F // ADC initialization
                 ; 0000 0080 // ADC disabled
                 ; 0000 0081 ADCSRA=(0<<ADEN) | (0<<ADSC) | (0<<ADATE) | (0<<ADIF) | (0<<ADIE) | (0<<ADPS2) | (0<<ADPS1) | (0<<ADPS0);
0000a0 b9e6      	OUT  0x6,R30
                 ; 0000 0082 
                 ; 0000 0083 // SPI initialization
                 ; 0000 0084 // SPI disabled
                 ; 0000 0085 SPCR=(0<<SPIE) | (0<<SPE) | (0<<DORD) | (0<<MSTR) | (0<<CPOL) | (0<<CPHA) | (0<<SPR1) | (0<<SPR0);
0000a1 b9ed      	OUT  0xD,R30
                 ; 0000 0086 
                 ; 0000 0087 // TWI initialization
                 ; 0000 0088 // TWI disabled
                 ; 0000 0089 TWCR=(0<<TWEA) | (0<<TWSTA) | (0<<TWSTO) | (0<<TWEN) | (0<<TWIE);
0000a2 bfe6      	OUT  0x36,R30
                 ; 0000 008A 
                 ; 0000 008B // Alphanumeric LCD initialization
                 ; 0000 008C // Connections are specified in the
                 ; 0000 008D // Project|Configure|C Compiler|Libraries|Alphanumeric LCD menu:
                 ; 0000 008E // RS - PORTA Bit 0
                 ; 0000 008F // RD - PORTA Bit 1
                 ; 0000 0090 // EN - PORTA Bit 2
                 ; 0000 0091 // D4 - PORTA Bit 4
                 ; 0000 0092 // D5 - PORTA Bit 5
                 ; 0000 0093 // D6 - PORTA Bit 6
                 ; 0000 0094 // D7 - PORTA Bit 7
                 ; 0000 0095 // Characters/line: 16
                 ; 0000 0096 lcd_init(16);
0000a3 e1a0      	LDI  R26,LOW(16)
0000a4 940e 02dd 	CALL _lcd_init
                 ; 0000 0097 
                 ; 0000 0098 while (1)
                 _0x3:
                 ; 0000 0099       {
                 ; 0000 009A       r_num_1 = PINB;
0000a6 b306      	IN   R16,22
0000a7 2711      	CLR  R17
                 ; 0000 009B       r_num_2 = PIND;
0000a8 b320      	IN   R18,16
0000a9 2733      	CLR  R19
                 ; 0000 009C       r_res = r_num_1 + r_num_2;
0000aa 01f9      	MOVW R30,R18
0000ab 0fe0      	ADD  R30,R16
0000ac 1ff1      	ADC  R31,R17
0000ad 01af      	MOVW R20,R30
                 ; 0000 009D       sprintf(result, "%d + %d = %d", r_num_1, r_num_2, r_res);
0000ae 01fe      	MOVW R30,R28
0000af 93fa      	ST   -Y,R31
0000b0 93ea      	ST   -Y,R30
                +
0000b1 e6e6     +LDI R30 , LOW ( 2 * _0x0 + ( 0 ) )
0000b2 e0f0     +LDI R31 , HIGH ( 2 * _0x0 + ( 0 ) )
                 	__POINTW1FN _0x0,0
0000b3 93fa      	ST   -Y,R31
0000b4 93ea      	ST   -Y,R30
0000b5 01f8      	MOVW R30,R16
0000b6 940e 0324 	CALL SUBOPT_0x0
0000b8 01f9      	MOVW R30,R18
0000b9 940e 0324 	CALL SUBOPT_0x0
0000bb 01fa      	MOVW R30,R20
0000bc 940e 0324 	CALL SUBOPT_0x0
0000be e08c      	LDI  R24,12
0000bf 940e 024a 	CALL _sprintf
0000c1 9660      	ADIW R28,16
                 ; 0000 009E 
                 ; 0000 009F       lcd_clear();
0000c2 940e 02ab 	CALL _lcd_clear
                 ; 0000 00A0       lcd_puts("enter two num:");
                +
0000c4 e6a0     +LDI R26 , LOW ( _0x6 + ( 0 ) )
0000c5 e0b1     +LDI R27 , HIGH ( _0x6 + ( 0 ) )
                 	__POINTW2MN _0x6,0
0000c6 940e 02cc 	CALL _lcd_puts
                 ; 0000 00A1       lcd_gotoxy(0,1);
0000c8 e0e0      	LDI  R30,LOW(0)
0000c9 93ea      	ST   -Y,R30
0000ca e0a1      	LDI  R26,LOW(1)
0000cb 940e 029e 	CALL _lcd_gotoxy
                 ; 0000 00A2       lcd_puts(result);
0000cd 01de      	MOVW R26,R28
0000ce 940e 02cc 	CALL _lcd_puts
                 ; 0000 00A3       delay_ms(100);
0000d0 e6a4      	LDI  R26,LOW(100)
0000d1 e0b0      	LDI  R27,0
0000d2 940e 0363 	CALL _delay_ms
                 ; 0000 00A4       }
0000d4 cfd1      	RJMP _0x3
                 ; 0000 00A5 }
                 _0x7:
0000d5 cfff      	RJMP _0x7
                 ; .FEND
                 
                 	.DSEG
                 _0x6:
000160           	.BYTE 0xF
                 	#ifndef __SLEEP_DEFINED__
                 	#endif
                 
                 	.CSEG
                 _put_buff_G100:
                 ; .FSTART _put_buff_G100
0000d6 93ba      	ST   -Y,R27
0000d7 93aa      	ST   -Y,R26
0000d8 931a      	ST   -Y,R17
0000d9 930a      	ST   -Y,R16
0000da 81aa      	LDD  R26,Y+2
0000db 81bb      	LDD  R27,Y+2+1
0000dc 9612      	ADIW R26,2
0000dd 940e 037a 	CALL __GETW1P
0000df 9730      	SBIW R30,0
0000e0 f159      	BREQ _0x2000010
0000e1 81aa      	LDD  R26,Y+2
0000e2 81bb      	LDD  R27,Y+2+1
0000e3 9614      	ADIW R26,4
0000e4 940e 037a 	CALL __GETW1P
0000e6 018f      	MOVW R16,R30
0000e7 9730      	SBIW R30,0
0000e8 f061      	BREQ _0x2000012
                +
0000e9 3002     +CPI R16 , LOW ( 2 )
0000ea e0e0     +LDI R30 , HIGH ( 2 )
0000eb 071e     +CPC R17 , R30
                 	__CPWRN 16,17,2
0000ec f098      	BRLO _0x2000013
0000ed 01f8      	MOVW R30,R16
0000ee 9731      	SBIW R30,1
0000ef 018f      	MOVW R16,R30
                +
0000f0 81aa     +LDD R26 , Y + 2
0000f1 81bb     +LDD R27 , Y + 2 + 1
0000f2 9614     +ADIW R26 , 4
0000f3 93ed     +ST X + , R30
0000f4 93fc     +ST X , R31
                 	__PUTW1SNS 2,4
                 _0x2000012:
0000f5 81aa      	LDD  R26,Y+2
0000f6 81bb      	LDD  R27,Y+2+1
0000f7 9612      	ADIW R26,2
0000f8 91ed      	LD   R30,X+
0000f9 91fd      	LD   R31,X+
0000fa 9631      	ADIW R30,1
0000fb 93fe      	ST   -X,R31
0000fc 93ee      	ST   -X,R30
0000fd 9731      	SBIW R30,1
0000fe 81ac      	LDD  R26,Y+4
0000ff 83a0      	STD  Z+0,R26
                 _0x2000013:
000100 81aa      	LDD  R26,Y+2
000101 81bb      	LDD  R27,Y+2+1
000102 940e 037a 	CALL __GETW1P
000104 23ff      	TST  R31
000105 f02a      	BRMI _0x2000014
000106 91ed      	LD   R30,X+
000107 91fd      	LD   R31,X+
000108 9631      	ADIW R30,1
000109 93fe      	ST   -X,R31
00010a 93ee      	ST   -X,R30
                 _0x2000014:
00010b c006      	RJMP _0x2000015
                 _0x2000010:
00010c 81aa      	LDD  R26,Y+2
00010d 81bb      	LDD  R27,Y+2+1
00010e efef      	LDI  R30,LOW(65535)
00010f efff      	LDI  R31,HIGH(65535)
000110 93ed      	ST   X+,R30
000111 93fc      	ST   X,R31
                 _0x2000015:
000112 8119      	LDD  R17,Y+1
000113 8108      	LDD  R16,Y+0
000114 9625      	ADIW R28,5
000115 9508      	RET
                 ; .FEND
                 __print_G100:
                 ; .FSTART __print_G100
000116 93ba      	ST   -Y,R27
000117 93aa      	ST   -Y,R26
000118 9726      	SBIW R28,6
000119 940e 0387 	CALL __SAVELOCR6
00011b e010      	LDI  R17,0
00011c 85ac      	LDD  R26,Y+12
00011d 85bd      	LDD  R27,Y+12+1
00011e e0e0      	LDI  R30,LOW(0)
00011f e0f0      	LDI  R31,HIGH(0)
000120 93ed      	ST   X+,R30
000121 93fc      	ST   X,R31
                 _0x2000016:
000122 89ea      	LDD  R30,Y+18
000123 89fb      	LDD  R31,Y+18+1
000124 9631      	ADIW R30,1
000125 8bea      	STD  Y+18,R30
000126 8bfb      	STD  Y+18+1,R31
000127 9731      	SBIW R30,1
000128 91e4      	LPM  R30,Z
000129 2f2e      	MOV  R18,R30
00012a 30e0      	CPI  R30,0
00012b f409      	BRNE PC+2
00012c c115      	RJMP _0x2000018
00012d 2fe1      	MOV  R30,R17
00012e 30e0      	CPI  R30,0
00012f f439      	BRNE _0x200001C
000130 3225      	CPI  R18,37
000131 f411      	BRNE _0x200001D
000132 e011      	LDI  R17,LOW(1)
000133 c002      	RJMP _0x200001E
                 _0x200001D:
000134 940e 0329 	CALL SUBOPT_0x1
                 _0x200001E:
000136 c10a      	RJMP _0x200001B
                 _0x200001C:
000137 30e1      	CPI  R30,LOW(0x1)
000138 f4a9      	BRNE _0x200001F
000139 3225      	CPI  R18,37
00013a f419      	BRNE _0x2000020
00013b 940e 0329 	CALL SUBOPT_0x1
00013d c102      	RJMP _0x20000CC
                 _0x2000020:
00013e e012      	LDI  R17,LOW(2)
00013f e040      	LDI  R20,LOW(0)
000140 e000      	LDI  R16,LOW(0)
000141 322d      	CPI  R18,45
000142 f411      	BRNE _0x2000021
000143 e001      	LDI  R16,LOW(1)
000144 c0fc      	RJMP _0x200001B
                 _0x2000021:
000145 322b      	CPI  R18,43
000146 f411      	BRNE _0x2000022
000147 e24b      	LDI  R20,LOW(43)
000148 c0f8      	RJMP _0x200001B
                 _0x2000022:
000149 3220      	CPI  R18,32
00014a f411      	BRNE _0x2000023
00014b e240      	LDI  R20,LOW(32)
00014c c0f4      	RJMP _0x200001B
                 _0x2000023:
00014d c002      	RJMP _0x2000024
                 _0x200001F:
00014e 30e2      	CPI  R30,LOW(0x2)
00014f f439      	BRNE _0x2000025
                 _0x2000024:
000150 e050      	LDI  R21,LOW(0)
000151 e013      	LDI  R17,LOW(3)
000152 3320      	CPI  R18,48
000153 f411      	BRNE _0x2000026
000154 6800      	ORI  R16,LOW(128)
000155 c0eb      	RJMP _0x200001B
                 _0x2000026:
000156 c003      	RJMP _0x2000027
                 _0x2000025:
000157 30e3      	CPI  R30,LOW(0x3)
000158 f009      	BREQ PC+2
000159 c0e7      	RJMP _0x200001B
                 _0x2000027:
00015a 3320      	CPI  R18,48
00015b f010      	BRLO _0x200002A
00015c 332a      	CPI  R18,58
00015d f008      	BRLO _0x200002B
                 _0x200002A:
00015e c007      	RJMP _0x2000029
                 _0x200002B:
00015f e0aa      	LDI  R26,LOW(10)
000160 9f5a      	MUL  R21,R26
000161 2d50      	MOV  R21,R0
000162 2fe2      	MOV  R30,R18
000163 53e0      	SUBI R30,LOW(48)
000164 0f5e      	ADD  R21,R30
000165 c0db      	RJMP _0x200001B
                 _0x2000029:
000166 2fe2      	MOV  R30,R18
000167 36e3      	CPI  R30,LOW(0x63)
000168 f449      	BRNE _0x200002F
000169 940e 0330 	CALL SUBOPT_0x2
00016b 89e8      	LDD  R30,Y+16
00016c 89f9      	LDD  R31,Y+16+1
00016d 81a4      	LDD  R26,Z+4
00016e 93aa      	ST   -Y,R26
00016f 940e 0336 	CALL SUBOPT_0x3
000171 c0ce      	RJMP _0x2000030
                 _0x200002F:
000172 37e3      	CPI  R30,LOW(0x73)
000173 f441      	BRNE _0x2000032
000174 940e 0330 	CALL SUBOPT_0x2
000176 940e 033c 	CALL SUBOPT_0x4
000178 940e 030b 	CALL _strlen
00017a 2f1e      	MOV  R17,R30
00017b c00a      	RJMP _0x2000033
                 _0x2000032:
00017c 37e0      	CPI  R30,LOW(0x70)
00017d f461      	BRNE _0x2000035
00017e 940e 0330 	CALL SUBOPT_0x2
000180 940e 033c 	CALL SUBOPT_0x4
000182 940e 0317 	CALL _strlenf
000184 2f1e      	MOV  R17,R30
000185 6008      	ORI  R16,LOW(8)
                 _0x2000033:
000186 6002      	ORI  R16,LOW(2)
000187 770f      	ANDI R16,LOW(127)
000188 e030      	LDI  R19,LOW(0)
000189 c034      	RJMP _0x2000036
                 _0x2000035:
00018a 36e4      	CPI  R30,LOW(0x64)
00018b f011      	BREQ _0x2000039
00018c 36e9      	CPI  R30,LOW(0x69)
00018d f411      	BRNE _0x200003A
                 _0x2000039:
00018e 6004      	ORI  R16,LOW(4)
00018f c002      	RJMP _0x200003B
                 _0x200003A:
000190 37e5      	CPI  R30,LOW(0x75)
000191 f431      	BRNE _0x200003C
                 _0x200003B:
000192 e5e4      	LDI  R30,LOW(_tbl10_G100*2)
000193 e0f0      	LDI  R31,HIGH(_tbl10_G100*2)
000194 83ee      	STD  Y+6,R30
000195 83ff      	STD  Y+6+1,R31
000196 e015      	LDI  R17,LOW(5)
000197 c00c      	RJMP _0x200003D
                 _0x200003C:
000198 35e8      	CPI  R30,LOW(0x58)
000199 f411      	BRNE _0x200003F
00019a 6008      	ORI  R16,LOW(8)
00019b c003      	RJMP _0x2000040
                 _0x200003F:
00019c 37e8      	CPI  R30,LOW(0x78)
00019d f009      	BREQ PC+2
00019e c0a1      	RJMP _0x2000071
                 _0x2000040:
00019f e5ee      	LDI  R30,LOW(_tbl16_G100*2)
0001a0 e0f0      	LDI  R31,HIGH(_tbl16_G100*2)
0001a1 83ee      	STD  Y+6,R30
0001a2 83ff      	STD  Y+6+1,R31
0001a3 e014      	LDI  R17,LOW(4)
                 _0x200003D:
0001a4 ff02      	SBRS R16,2
0001a5 c014      	RJMP _0x2000042
0001a6 940e 0330 	CALL SUBOPT_0x2
0001a8 940e 0346 	CALL SUBOPT_0x5
0001aa 85ab      	LDD  R26,Y+11
0001ab 23aa      	TST  R26
0001ac f43a      	BRPL _0x2000043
0001ad 85ea      	LDD  R30,Y+10
0001ae 85fb      	LDD  R31,Y+10+1
0001af 940e 0371 	CALL __ANEGW1
0001b1 87ea      	STD  Y+10,R30
0001b2 87fb      	STD  Y+10+1,R31
0001b3 e24d      	LDI  R20,LOW(45)
                 _0x2000043:
0001b4 3040      	CPI  R20,0
0001b5 f011      	BREQ _0x2000044
0001b6 5f1f      	SUBI R17,-LOW(1)
0001b7 c001      	RJMP _0x2000045
                 _0x2000044:
0001b8 7f0b      	ANDI R16,LOW(251)
                 _0x2000045:
0001b9 c004      	RJMP _0x2000046
                 _0x2000042:
0001ba 940e 0330 	CALL SUBOPT_0x2
0001bc 940e 0346 	CALL SUBOPT_0x5
                 _0x2000046:
                 _0x2000036:
0001be fd00      	SBRC R16,0
0001bf c011      	RJMP _0x2000047
                 _0x2000048:
0001c0 1715      	CP   R17,R21
0001c1 f478      	BRSH _0x200004A
0001c2 ff07      	SBRS R16,7
0001c3 c008      	RJMP _0x200004B
0001c4 ff02      	SBRS R16,2
0001c5 c004      	RJMP _0x200004C
0001c6 7f0b      	ANDI R16,LOW(251)
0001c7 2f24      	MOV  R18,R20
0001c8 5011      	SUBI R17,LOW(1)
0001c9 c001      	RJMP _0x200004D
                 _0x200004C:
0001ca e320      	LDI  R18,LOW(48)
                 _0x200004D:
0001cb c001      	RJMP _0x200004E
                 _0x200004B:
0001cc e220      	LDI  R18,LOW(32)
                 _0x200004E:
0001cd 940e 0329 	CALL SUBOPT_0x1
0001cf 5051      	SUBI R21,LOW(1)
0001d0 cfef      	RJMP _0x2000048
                 _0x200004A:
                 _0x2000047:
0001d1 2f31      	MOV  R19,R17
0001d2 ff01      	SBRS R16,1
0001d3 c017      	RJMP _0x200004F
                 _0x2000050:
0001d4 3030      	CPI  R19,0
0001d5 f0a1      	BREQ _0x2000052
0001d6 ff03      	SBRS R16,3
0001d7 c006      	RJMP _0x2000053
0001d8 81ee      	LDD  R30,Y+6
0001d9 81ff      	LDD  R31,Y+6+1
0001da 9125      	LPM  R18,Z+
0001db 83ee      	STD  Y+6,R30
0001dc 83ff      	STD  Y+6+1,R31
0001dd c005      	RJMP _0x2000054
                 _0x2000053:
0001de 81ae      	LDD  R26,Y+6
0001df 81bf      	LDD  R27,Y+6+1
0001e0 912d      	LD   R18,X+
0001e1 83ae      	STD  Y+6,R26
0001e2 83bf      	STD  Y+6+1,R27
                 _0x2000054:
0001e3 940e 0329 	CALL SUBOPT_0x1
0001e5 3050      	CPI  R21,0
0001e6 f009      	BREQ _0x2000055
0001e7 5051      	SUBI R21,LOW(1)
                 _0x2000055:
0001e8 5031      	SUBI R19,LOW(1)
0001e9 cfea      	RJMP _0x2000050
                 _0x2000052:
0001ea c04b      	RJMP _0x2000056
                 _0x200004F:
                 _0x2000058:
0001eb e320      	LDI  R18,LOW(48)
0001ec 81ee      	LDD  R30,Y+6
0001ed 81ff      	LDD  R31,Y+6+1
0001ee 940e 037e 	CALL __GETW1PF
0001f0 87e8      	STD  Y+8,R30
0001f1 87f9      	STD  Y+8+1,R31
0001f2 81ee      	LDD  R30,Y+6
0001f3 81ff      	LDD  R31,Y+6+1
0001f4 9632      	ADIW R30,2
0001f5 83ee      	STD  Y+6,R30
0001f6 83ff      	STD  Y+6+1,R31
                 _0x200005A:
0001f7 85e8      	LDD  R30,Y+8
0001f8 85f9      	LDD  R31,Y+8+1
0001f9 85aa      	LDD  R26,Y+10
0001fa 85bb      	LDD  R27,Y+10+1
0001fb 17ae      	CP   R26,R30
0001fc 07bf      	CPC  R27,R31
0001fd f050      	BRLO _0x200005C
0001fe 5f2f      	SUBI R18,-LOW(1)
0001ff 85a8      	LDD  R26,Y+8
000200 85b9      	LDD  R27,Y+8+1
000201 85ea      	LDD  R30,Y+10
000202 85fb      	LDD  R31,Y+10+1
000203 1bea      	SUB  R30,R26
000204 0bfb      	SBC  R31,R27
000205 87ea      	STD  Y+10,R30
000206 87fb      	STD  Y+10+1,R31
000207 cfef      	RJMP _0x200005A
                 _0x200005C:
000208 332a      	CPI  R18,58
000209 f028      	BRLO _0x200005D
00020a ff03      	SBRS R16,3
00020b c002      	RJMP _0x200005E
00020c 5f29      	SUBI R18,-LOW(7)
00020d c001      	RJMP _0x200005F
                 _0x200005E:
00020e 5d29      	SUBI R18,-LOW(39)
                 _0x200005F:
                 _0x200005D:
00020f fd04      	SBRC R16,4
000210 c01a      	RJMP _0x2000061
000211 3321      	CPI  R18,49
000212 f420      	BRSH _0x2000063
000213 85a8      	LDD  R26,Y+8
000214 85b9      	LDD  R27,Y+8+1
000215 9711      	SBIW R26,1
000216 f409      	BRNE _0x2000062
                 _0x2000063:
000217 c009      	RJMP _0x20000CD
                 _0x2000062:
000218 1753      	CP   R21,R19
000219 f010      	BRLO _0x2000067
00021a ff00      	SBRS R16,0
00021b c001      	RJMP _0x2000068
                 _0x2000067:
00021c c013      	RJMP _0x2000066
                 _0x2000068:
00021d e220      	LDI  R18,LOW(32)
00021e ff07      	SBRS R16,7
00021f c00b      	RJMP _0x2000069
000220 e320      	LDI  R18,LOW(48)
                 _0x20000CD:
000221 6100      	ORI  R16,LOW(16)
000222 ff02      	SBRS R16,2
000223 c007      	RJMP _0x200006A
000224 7f0b      	ANDI R16,LOW(251)
000225 934a      	ST   -Y,R20
000226 940e 0336 	CALL SUBOPT_0x3
000228 3050      	CPI  R21,0
000229 f009      	BREQ _0x200006B
00022a 5051      	SUBI R21,LOW(1)
                 _0x200006B:
                 _0x200006A:
                 _0x2000069:
                 _0x2000061:
00022b 940e 0329 	CALL SUBOPT_0x1
00022d 3050      	CPI  R21,0
00022e f009      	BREQ _0x200006C
00022f 5051      	SUBI R21,LOW(1)
                 _0x200006C:
                 _0x2000066:
000230 5031      	SUBI R19,LOW(1)
000231 85a8      	LDD  R26,Y+8
000232 85b9      	LDD  R27,Y+8+1
000233 9712      	SBIW R26,2
000234 f008      	BRLO _0x2000059
000235 cfb5      	RJMP _0x2000058
                 _0x2000059:
                 _0x2000056:
000236 ff00      	SBRS R16,0
000237 c008      	RJMP _0x200006D
                 _0x200006E:
000238 3050      	CPI  R21,0
000239 f031      	BREQ _0x2000070
00023a 5051      	SUBI R21,LOW(1)
00023b e2e0      	LDI  R30,LOW(32)
00023c 93ea      	ST   -Y,R30
00023d 940e 0336 	CALL SUBOPT_0x3
00023f cff8      	RJMP _0x200006E
                 _0x2000070:
                 _0x200006D:
                 _0x2000071:
                 _0x2000030:
                 _0x20000CC:
000240 e010      	LDI  R17,LOW(0)
                 _0x200001B:
000241 cee0      	RJMP _0x2000016
                 _0x2000018:
000242 85ac      	LDD  R26,Y+12
000243 85bd      	LDD  R27,Y+12+1
000244 940e 037a 	CALL __GETW1P
000246 940e 038e 	CALL __LOADLOCR6
000248 9664      	ADIW R28,20
000249 9508      	RET
                 ; .FEND
                 _sprintf:
                 ; .FSTART _sprintf
00024a 92ff      	PUSH R15
00024b 2ef8      	MOV  R15,R24
00024c 9726      	SBIW R28,6
00024d 940e 0389 	CALL __SAVELOCR4
00024f 940e 034e 	CALL SUBOPT_0x6
000251 9730      	SBIW R30,0
000252 f419      	BRNE _0x2000072
000253 efef      	LDI  R30,LOW(65535)
000254 efff      	LDI  R31,HIGH(65535)
000255 c023      	RJMP _0x2080002
                 _0x2000072:
000256 01de      	MOVW R26,R28
000257 9616      	ADIW R26,6
000258 940e 036d 	CALL __ADDW2R15
00025a 018d      	MOVW R16,R26
00025b 940e 034e 	CALL SUBOPT_0x6
00025d 83ee      	STD  Y+6,R30
00025e 83ff      	STD  Y+6+1,R31
00025f e0e0      	LDI  R30,LOW(0)
000260 87e8      	STD  Y+8,R30
000261 87e9      	STD  Y+8+1,R30
000262 01de      	MOVW R26,R28
000263 961a      	ADIW R26,10
000264 940e 036d 	CALL __ADDW2R15
000266 940e 037a 	CALL __GETW1P
000268 93fa      	ST   -Y,R31
000269 93ea      	ST   -Y,R30
00026a 931a      	ST   -Y,R17
00026b 930a      	ST   -Y,R16
00026c ede6      	LDI  R30,LOW(_put_buff_G100)
00026d e0f0      	LDI  R31,HIGH(_put_buff_G100)
00026e 93fa      	ST   -Y,R31
00026f 93ea      	ST   -Y,R30
000270 01de      	MOVW R26,R28
000271 961a      	ADIW R26,10
000272 dea3      	RCALL __print_G100
000273 019f      	MOVW R18,R30
000274 81ae      	LDD  R26,Y+6
000275 81bf      	LDD  R27,Y+6+1
000276 e0e0      	LDI  R30,LOW(0)
000277 93ec      	ST   X,R30
000278 01f9      	MOVW R30,R18
                 _0x2080002:
000279 940e 0390 	CALL __LOADLOCR4
00027b 962a      	ADIW R28,10
00027c 90ff      	POP  R15
00027d 9508      	RET
                 ; .FEND
                 	#ifndef __SLEEP_DEFINED__
                 	#endif
                 
                 	.DSEG
                 
                 	.CSEG
                 __lcd_write_nibble_G101:
                 ; .FSTART __lcd_write_nibble_G101
00027e 93aa      	ST   -Y,R26
00027f b3eb      	IN   R30,0x1B
000280 70ef      	ANDI R30,LOW(0xF)
000281 2fae      	MOV  R26,R30
000282 81e8      	LD   R30,Y
000283 7fe0      	ANDI R30,LOW(0xF0)
000284 2bea      	OR   R30,R26
000285 bbeb      	OUT  0x1B,R30
                +
000286 e08d     +LDI R24 , LOW ( 13 )
                +__DELAY_USB_LOOP :
000287 958a     +DEC R24
000288 f7f1     +BRNE __DELAY_USB_LOOP
                 	__DELAY_USB 13
000289 9ada      	SBI  0x1B,2
                +
00028a e08d     +LDI R24 , LOW ( 13 )
                +__DELAY_USB_LOOP :
00028b 958a     +DEC R24
00028c f7f1     +BRNE __DELAY_USB_LOOP
                 	__DELAY_USB 13
00028d 98da      	CBI  0x1B,2
                +
00028e e08d     +LDI R24 , LOW ( 13 )
                +__DELAY_USB_LOOP :
00028f 958a     +DEC R24
000290 f7f1     +BRNE __DELAY_USB_LOOP
                 	__DELAY_USB 13
000291 c077      	RJMP _0x2080001
                 ; .FEND
                 __lcd_write_data:
                 ; .FSTART __lcd_write_data
000292 93aa      	ST   -Y,R26
000293 81a8      	LD   R26,Y
000294 dfe9      	RCALL __lcd_write_nibble_G101
000295 81e8          ld    r30,y
000296 95e2          swap  r30
000297 83e8          st    y,r30
000298 81a8      	LD   R26,Y
000299 dfe4      	RCALL __lcd_write_nibble_G101
                +
00029a e885     +LDI R24 , LOW ( 133 )
                +__DELAY_USB_LOOP :
00029b 958a     +DEC R24
00029c f7f1     +BRNE __DELAY_USB_LOOP
                 	__DELAY_USB 133
00029d c06b      	RJMP _0x2080001
                 ; .FEND
                 _lcd_gotoxy:
                 ; .FSTART _lcd_gotoxy
00029e 93aa      	ST   -Y,R26
00029f 81e8      	LD   R30,Y
0002a0 e0f0      	LDI  R31,0
0002a1 59e1      	SUBI R30,LOW(-__base_y_G101)
0002a2 4ffe      	SBCI R31,HIGH(-__base_y_G101)
0002a3 81e0      	LD   R30,Z
0002a4 81a9      	LDD  R26,Y+1
0002a5 0fae      	ADD  R26,R30
0002a6 dfeb      	RCALL __lcd_write_data
0002a7 8059      	LDD  R5,Y+1
0002a8 8048      	LDD  R4,Y+0
0002a9 9622      	ADIW R28,2
0002aa 9508      	RET
                 ; .FEND
                 _lcd_clear:
                 ; .FSTART _lcd_clear
0002ab e0a2      	LDI  R26,LOW(2)
0002ac 940e 0355 	CALL SUBOPT_0x7
0002ae e0ac      	LDI  R26,LOW(12)
0002af dfe2      	RCALL __lcd_write_data
0002b0 e0a1      	LDI  R26,LOW(1)
0002b1 940e 0355 	CALL SUBOPT_0x7
0002b3 e0e0      	LDI  R30,LOW(0)
0002b4 2e4e      	MOV  R4,R30
0002b5 2e5e      	MOV  R5,R30
0002b6 9508      	RET
                 ; .FEND
                 _lcd_putchar:
                 ; .FSTART _lcd_putchar
0002b7 93aa      	ST   -Y,R26
0002b8 81a8      	LD   R26,Y
0002b9 30aa      	CPI  R26,LOW(0xA)
0002ba f011      	BREQ _0x2020005
0002bb 1457      	CP   R5,R7
0002bc f048      	BRLO _0x2020004
                 _0x2020005:
0002bd e0e0      	LDI  R30,LOW(0)
0002be 93ea      	ST   -Y,R30
0002bf 9443      	INC  R4
0002c0 2da4      	MOV  R26,R4
0002c1 dfdc      	RCALL _lcd_gotoxy
0002c2 81a8      	LD   R26,Y
0002c3 30aa      	CPI  R26,LOW(0xA)
0002c4 f409      	BRNE _0x2020007
0002c5 c043      	RJMP _0x2080001
                 _0x2020007:
                 _0x2020004:
0002c6 9453      	INC  R5
0002c7 9ad8      	SBI  0x1B,0
0002c8 81a8      	LD   R26,Y
0002c9 dfc8      	RCALL __lcd_write_data
0002ca 98d8      	CBI  0x1B,0
0002cb c03d      	RJMP _0x2080001
                 ; .FEND
                 _lcd_puts:
                 ; .FSTART _lcd_puts
0002cc 93ba      	ST   -Y,R27
0002cd 93aa      	ST   -Y,R26
0002ce 931a      	ST   -Y,R17
                 _0x2020008:
0002cf 81a9      	LDD  R26,Y+1
0002d0 81ba      	LDD  R27,Y+1+1
0002d1 91ed      	LD   R30,X+
0002d2 83a9      	STD  Y+1,R26
0002d3 83ba      	STD  Y+1+1,R27
0002d4 2f1e      	MOV  R17,R30
0002d5 30e0      	CPI  R30,0
0002d6 f019      	BREQ _0x202000A
0002d7 2fa1      	MOV  R26,R17
0002d8 dfde      	RCALL _lcd_putchar
0002d9 cff5      	RJMP _0x2020008
                 _0x202000A:
0002da 8118      	LDD  R17,Y+0
0002db 9623      	ADIW R28,3
0002dc 9508      	RET
                 ; .FEND
                 _lcd_init:
                 ; .FSTART _lcd_init
0002dd 93aa      	ST   -Y,R26
0002de b3ea      	IN   R30,0x1A
0002df 6fe0      	ORI  R30,LOW(0xF0)
0002e0 bbea      	OUT  0x1A,R30
0002e1 9ad2      	SBI  0x1A,2
0002e2 9ad0      	SBI  0x1A,0
0002e3 9ad1      	SBI  0x1A,1
0002e4 98da      	CBI  0x1B,2
0002e5 98d8      	CBI  0x1B,0
0002e6 98d9      	CBI  0x1B,1
0002e7 8078      	LDD  R7,Y+0
0002e8 81e8      	LD   R30,Y
0002e9 58e0      	SUBI R30,-LOW(128)
                +
0002ea 93e0 0171+STS __base_y_G101 + ( 2 ) , R30
                 	__PUTB1MN __base_y_G101,2
0002ec 81e8      	LD   R30,Y
0002ed 54e0      	SUBI R30,-LOW(192)
                +
0002ee 93e0 0172+STS __base_y_G101 + ( 3 ) , R30
                 	__PUTB1MN __base_y_G101,3
0002f0 e1a4      	LDI  R26,LOW(20)
0002f1 e0b0      	LDI  R27,0
0002f2 940e 0363 	CALL _delay_ms
0002f4 940e 035b 	CALL SUBOPT_0x8
0002f6 940e 035b 	CALL SUBOPT_0x8
0002f8 940e 035b 	CALL SUBOPT_0x8
0002fa e2a0      	LDI  R26,LOW(32)
0002fb df82      	RCALL __lcd_write_nibble_G101
                +
0002fc ec88     +LDI R24 , LOW ( 200 )
0002fd e090     +LDI R25 , HIGH ( 200 )
                +__DELAY_USW_LOOP :
0002fe 9701     +SBIW R24 , 1
0002ff f7f1     +BRNE __DELAY_USW_LOOP
                 	__DELAY_USW 200
000300 e2a8      	LDI  R26,LOW(40)
000301 df90      	RCALL __lcd_write_data
000302 e0a4      	LDI  R26,LOW(4)
000303 df8e      	RCALL __lcd_write_data
000304 e8a5      	LDI  R26,LOW(133)
000305 df8c      	RCALL __lcd_write_data
000306 e0a6      	LDI  R26,LOW(6)
000307 df8a      	RCALL __lcd_write_data
000308 dfa2      	RCALL _lcd_clear
                 _0x2080001:
000309 9621      	ADIW R28,1
00030a 9508      	RET
                 ; .FEND
                 
                 	.CSEG
                 
                 	.CSEG
                 _strlen:
                 ; .FSTART _strlen
00030b 93ba      	ST   -Y,R27
00030c 93aa      	ST   -Y,R26
00030d 91a9          ld   r26,y+
00030e 91b9          ld   r27,y+
00030f 27ee          clr  r30
000310 27ff          clr  r31
                 strlen0:
000311 916d          ld   r22,x+
000312 2366          tst  r22
000313 f011          breq strlen1
000314 9631          adiw r30,1
000315 cffb          rjmp strlen0
                 strlen1:
000316 9508          ret
                 ; .FEND
                 _strlenf:
                 ; .FSTART _strlenf
000317 93ba      	ST   -Y,R27
000318 93aa      	ST   -Y,R26
000319 27aa          clr  r26
00031a 27bb          clr  r27
00031b 91e9          ld   r30,y+
00031c 91f9          ld   r31,y+
                 strlenf0:
00031d 9005      	lpm  r0,z+
00031e 2000          tst  r0
00031f f011          breq strlenf1
000320 9611          adiw r26,1
000321 cffb          rjmp strlenf0
                 strlenf1:
000322 01fd          movw r30,r26
000323 9508          ret
                 ; .FEND
                 
                 	.DSEG
                 __base_y_G101:
00016f           	.BYTE 0x4
                 
                 	.CSEG
                 ;OPTIMIZER ADDED SUBROUTINE, CALLED 3 TIMES, CODE SIZE REDUCTION:1 WORDS
                 SUBOPT_0x0:
000324 940e 0375 	CALL __CWD1
000326 940e 0382 	CALL __PUTPARD1
000328 9508      	RET
                 
                 ;OPTIMIZER ADDED SUBROUTINE, CALLED 5 TIMES, CODE SIZE REDUCTION:13 WORDS
                 SUBOPT_0x1:
000329 932a      	ST   -Y,R18
00032a 85ad      	LDD  R26,Y+13
00032b 85be      	LDD  R27,Y+13+1
00032c 85ef      	LDD  R30,Y+15
00032d 89f8      	LDD  R31,Y+15+1
00032e 9509      	ICALL
00032f 9508      	RET
                 
                 ;OPTIMIZER ADDED SUBROUTINE, CALLED 5 TIMES, CODE SIZE REDUCTION:9 WORDS
                 SUBOPT_0x2:
000330 89e8      	LDD  R30,Y+16
000331 89f9      	LDD  R31,Y+16+1
000332 9734      	SBIW R30,4
000333 8be8      	STD  Y+16,R30
000334 8bf9      	STD  Y+16+1,R31
000335 9508      	RET
                 
                 ;OPTIMIZER ADDED SUBROUTINE, CALLED 3 TIMES, CODE SIZE REDUCTION:3 WORDS
                 SUBOPT_0x3:
000336 85ad      	LDD  R26,Y+13
000337 85be      	LDD  R27,Y+13+1
000338 85ef      	LDD  R30,Y+15
000339 89f8      	LDD  R31,Y+15+1
00033a 9509      	ICALL
00033b 9508      	RET
                 
                 ;OPTIMIZER ADDED SUBROUTINE, CALLED 2 TIMES, CODE SIZE REDUCTION:4 WORDS
                 SUBOPT_0x4:
00033c 89a8      	LDD  R26,Y+16
00033d 89b9      	LDD  R27,Y+16+1
00033e 9614      	ADIW R26,4
00033f 940e 037a 	CALL __GETW1P
000341 83ee      	STD  Y+6,R30
000342 83ff      	STD  Y+6+1,R31
000343 81ae      	LDD  R26,Y+6
000344 81bf      	LDD  R27,Y+6+1
000345 9508      	RET
                 
                 ;OPTIMIZER ADDED SUBROUTINE, CALLED 2 TIMES, CODE SIZE REDUCTION:2 WORDS
                 SUBOPT_0x5:
000346 89a8      	LDD  R26,Y+16
000347 89b9      	LDD  R27,Y+16+1
000348 9614      	ADIW R26,4
000349 940e 037a 	CALL __GETW1P
00034b 87ea      	STD  Y+10,R30
00034c 87fb      	STD  Y+10+1,R31
00034d 9508      	RET
                 
                 ;OPTIMIZER ADDED SUBROUTINE, CALLED 2 TIMES, CODE SIZE REDUCTION:1 WORDS
                 SUBOPT_0x6:
00034e 01de      	MOVW R26,R28
00034f 961c      	ADIW R26,12
000350 940e 036d 	CALL __ADDW2R15
000352 940e 037a 	CALL __GETW1P
000354 9508      	RET
                 
                 ;OPTIMIZER ADDED SUBROUTINE, CALLED 2 TIMES, CODE SIZE REDUCTION:1 WORDS
                 SUBOPT_0x7:
000355 940e 0292 	CALL __lcd_write_data
000357 e0a3      	LDI  R26,LOW(3)
000358 e0b0      	LDI  R27,0
000359 940c 0363 	JMP  _delay_ms
                 
                 ;OPTIMIZER ADDED SUBROUTINE, CALLED 3 TIMES, CODE SIZE REDUCTION:7 WORDS
                 SUBOPT_0x8:
00035b e3a0      	LDI  R26,LOW(48)
00035c 940e 027e 	CALL __lcd_write_nibble_G101
                +
00035e ec88     +LDI R24 , LOW ( 200 )
00035f e090     +LDI R25 , HIGH ( 200 )
                +__DELAY_USW_LOOP :
000360 9701     +SBIW R24 , 1
000361 f7f1     +BRNE __DELAY_USW_LOOP
                 	__DELAY_USW 200
000362 9508      	RET
                 
                 
                 	.CSEG
                 _delay_ms:
000363 9610      	adiw r26,0
000364 f039      	breq __delay_ms1
                 __delay_ms0:
                +
000365 ed80     +LDI R24 , LOW ( 0x7D0 )
000366 e097     +LDI R25 , HIGH ( 0x7D0 )
                +__DELAY_USW_LOOP :
000367 9701     +SBIW R24 , 1
000368 f7f1     +BRNE __DELAY_USW_LOOP
                 	__DELAY_USW 0x7D0
000369 95a8      	wdr
00036a 9711      	sbiw r26,1
00036b f7c9      	brne __delay_ms0
                 __delay_ms1:
00036c 9508      	ret
                 
                 __ADDW2R15:
00036d 2400      	CLR  R0
00036e 0daf      	ADD  R26,R15
00036f 1db0      	ADC  R27,R0
000370 9508      	RET
                 
                 __ANEGW1:
000371 95f1      	NEG  R31
000372 95e1      	NEG  R30
000373 40f0      	SBCI R31,0
000374 9508      	RET
                 
                 __CWD1:
000375 2f6f      	MOV  R22,R31
000376 0f66      	ADD  R22,R22
000377 0b66      	SBC  R22,R22
000378 2f76      	MOV  R23,R22
000379 9508      	RET
                 
                 __GETW1P:
00037a 91ed      	LD   R30,X+
00037b 91fc      	LD   R31,X
00037c 9711      	SBIW R26,1
00037d 9508      	RET
                 
                 __GETW1PF:
00037e 9005      	LPM  R0,Z+
00037f 91f4      	LPM  R31,Z
000380 2de0      	MOV  R30,R0
000381 9508      	RET
                 
                 __PUTPARD1:
000382 937a      	ST   -Y,R23
000383 936a      	ST   -Y,R22
000384 93fa      	ST   -Y,R31
000385 93ea      	ST   -Y,R30
000386 9508      	RET
                 
                 __SAVELOCR6:
000387 935a      	ST   -Y,R21
                 __SAVELOCR5:
000388 934a      	ST   -Y,R20
                 __SAVELOCR4:
000389 933a      	ST   -Y,R19
                 __SAVELOCR3:
00038a 932a      	ST   -Y,R18
                 __SAVELOCR2:
00038b 931a      	ST   -Y,R17
00038c 930a      	ST   -Y,R16
00038d 9508      	RET
                 
                 __LOADLOCR6:
00038e 815d      	LDD  R21,Y+5
                 __LOADLOCR5:
00038f 814c      	LDD  R20,Y+4
                 __LOADLOCR4:
000390 813b      	LDD  R19,Y+3
                 __LOADLOCR3:
000391 812a      	LDD  R18,Y+2
                 __LOADLOCR2:
000392 8119      	LDD  R17,Y+1
000393 8108      	LD   R16,Y
000394 9508      	RET
                 
                 ;END OF CODE MARKER
                 __END_OF_CODE:


RESOURCE USE INFORMATION
------------------------

Notice:
The register and instruction counts are symbol table hit counts,
and hence implicitly used resources are not counted, eg, the
'lpm' instruction without operands implicitly uses r0 and z,
none of which are counted.

x,y,z are separate entities in the symbol table and are
counted separately from r26..r31 here.

.dseg memory usage only counts static data declared with .byte

ATmega16 register use summary:
r0 :  11 r1 :   1 r2 :   0 r3 :   0 r4 :   4 r5 :   4 r6 :   0 r7 :   2 
r8 :   0 r9 :   0 r10:   0 r11:   0 r12:   0 r13:   0 r14:   0 r15:   4 
r16:  38 r17:  27 r18:  33 r19:  10 r20:  12 r21:  18 r22:  11 r23:   2 
r24:  23 r25:   5 r26:  99 r27:  38 r28:  17 r29:   1 r30: 190 r31:  58 
x  :  23 y  : 166 z  :  15 
Registers used: 25 out of 35 (71.4%)

ATmega16 instruction use summary:
.lds  :   0 .lds.l:   0 .sts  :   0 .sts.l:   0 adc   :   2 add   :   5 
adiw  :  24 and   :   0 andi  :   6 asr   :   0 bclr  :   0 bld   :   0 
brbc  :   0 brbs  :   0 brcc  :   0 brcs  :   0 break :   0 breq  :  17 
brge  :   0 brhc  :   0 brhs  :   0 brid  :   0 brie  :   0 brlo  :   8 
brlt  :   0 brmi  :   1 brne  :  30 brpl  :   1 brsh  :   2 brtc  :   0 
brts  :   0 brvc  :   0 brvs  :   0 bset  :   0 bst   :   0 call  :  58 
cbi   :   5 cbr   :   0 clc   :   0 clh   :   0 cli   :   1 cln   :   0 
clr   :   9 cls   :   0 clt   :   0 clv   :   0 clz   :   0 com   :   0 
cp    :   4 cpc   :   2 cpi   :  33 cpse  :   0 dec   :   5 des   :   0 
eor   :   0 fmul  :   0 fmuls :   0 fmulsu:   0 icall :   2 ijmp  :   0 
in    :   4 inc   :   2 jmp   :  23 ld    :  25 ldd   :  77 ldi   :  95 
lds   :   0 lpm   :  14 lsl   :   0 lsr   :   0 mov   :  19 movw  :  21 
mul   :   1 muls  :   0 mulsu :   0 neg   :   2 nop   :   0 or    :   1 
ori   :   7 out   :  42 pop   :   1 push  :   1 rcall :  14 ret   :  26 
reti  :   0 rjmp  :  59 rol   :   0 ror   :   0 sbc   :   2 sbci  :   2 
sbi   :   5 sbic  :   0 sbis  :   0 sbiw  :  20 sbr   :   0 sbrc  :   2 
sbrs  :  10 sec   :   0 seh   :   0 sei   :   0 sen   :   0 ser   :   0 
ses   :   0 set   :   0 sev   :   0 sez   :   0 sleep :   0 spm   :   0 
st    :  59 std   :  31 sts   :   2 sub   :   1 subi  :  16 swap  :   1 
tst   :   4 wdr   :   1 
Instructions used: 52 out of 116 (44.8%)

ATmega16 memory use summary [bytes]:
Segment   Begin    End      Code   Data   Used    Size   Use%
---------------------------------------------------------------
[.cseg] 0x000000 0x00072a   1772     62   1834   16384  11.2%
[.dseg] 0x000060 0x000173      0     19     19    1024   1.9%
[.eseg] 0x000000 0x000000      0      0      0     512   0.0%

Assembly complete, 0 errors, 3 warnings
